2022-05-25 21:29:56,589 : [NonParallelWorker] INFO CalendarSteps- Successfully logged in!
2022-05-25 21:30:00,963 : [NonParallelWorker] INFO CalendarSteps- Successfully accessed my personal calendar!
2022-05-25 21:30:02,457 : [NonParallelWorker] INFO CalendarSteps- Clicked on today's box!
2022-05-25 21:30:03,423 : [NonParallelWorker] INFO CalendarSteps- Clicked leaves!
2022-05-25 21:30:03,703 : [NonParallelWorker] INFO CalendarSteps- Clicked Type category!
2022-05-25 21:30:03,912 : [NonParallelWorker] INFO CalendarSteps- Chosen type category!
2022-05-25 21:30:04,136 : [NonParallelWorker] INFO CalendarSteps- Clicked ok button!
2022-05-25 21:30:04,533 : [NonParallelWorker] INFO CalendarSteps- Pop Up of successfully deleted hours displayed!
2022-05-25 21:30:04,789 : [NonParallelWorker] INFO CalendarSteps- Absence saved in calendar!
2022-05-25 21:30:16,853 : [NonParallelWorker] INFO CalendarSteps- Successfully logged in!
2022-05-25 21:30:21,817 : [NonParallelWorker] INFO CalendarSteps- Successfully accessed my personal calendar!
2022-05-25 21:30:22,868 : [NonParallelWorker] INFO CalendarSteps- Clicked on today's box!
2022-05-25 21:30:23,781 : [NonParallelWorker] INFO CalendarSteps- Clicked leaves!
2022-05-25 21:30:24,104 : [NonParallelWorker] INFO CalendarSteps- Clicked Type category!
2022-05-25 21:30:24,330 : [NonParallelWorker] INFO CalendarSteps- Chosen new type category!
2022-05-25 21:30:24,710 : [NonParallelWorker] INFO CalendarSteps- Clicked end date field!
2022-05-25 21:30:25,468 : [NonParallelWorker] INFO CalendarSteps- Chosen end date!
2022-05-25 21:30:25,668 : [NonParallelWorker] INFO CalendarSteps- Clicked ok button!
2022-05-25 21:30:25,701 : [NonParallelWorker] INFO CalendarSteps- Warning message displayed!
2022-05-25 21:30:37,898 : [NonParallelWorker] INFO CalendarSteps- Successfully logged in!
2022-05-25 21:30:42,285 : [NonParallelWorker] INFO CalendarSteps- Successfully accessed my personal calendar!
2022-05-25 21:30:43,625 : [NonParallelWorker] INFO CalendarSteps- Clicked on today's box!
2022-05-25 21:30:44,263 : [NonParallelWorker] INFO CalendarSteps- Clicked on project field!
2022-05-25 21:30:44,548 : [NonParallelWorker] INFO CalendarSteps- Chosen project!
2022-05-25 21:30:44,884 : [NonParallelWorker] INFO CalendarSteps- Clicked role field!
2022-05-25 21:30:45,198 : [NonParallelWorker] INFO CalendarSteps- Chosen role!
2022-05-25 21:30:45,399 : [NonParallelWorker] INFO CalendarSteps- Clicked approve button!
2022-05-25 21:30:46,329 : [NonParallelWorker] INFO CalendarSteps- Pop Up of successfully added hours displayed!
2022-05-25 21:30:46,361 : [NonParallelWorker] INFO CalendarSteps- Working hours saved!
2022-05-25 21:30:59,531 : [NonParallelWorker] INFO CalendarSteps- Successfully logged in!
2022-05-25 21:31:04,113 : [NonParallelWorker] INFO CalendarSteps- Successfully accessed my personal calendar!
2022-05-25 21:31:05,449 : [NonParallelWorker] INFO CalendarSteps- Clicked on today's box!
2022-05-25 21:31:05,919 : [NonParallelWorker] INFO CalendarSteps- Clicked approve button!
2022-05-25 21:31:05,982 : [NonParallelWorker] INFO CalendarSteps- Warning message displayed!
2022-05-25 21:31:17,932 : [NonParallelWorker] INFO CalendarSteps- Successfully logged in!
2022-05-25 21:31:22,337 : [NonParallelWorker] INFO CalendarSteps- Successfully accessed my personal calendar!
2022-05-25 21:31:23,564 : [NonParallelWorker] INFO CalendarSteps- Clicked on absence box!
2022-05-25 21:31:24,430 : [NonParallelWorker] INFO CalendarSteps- Clicked Type category!
2022-05-25 21:31:24,630 : [NonParallelWorker] INFO CalendarSteps- Changed type category!
2022-05-25 21:31:24,883 : [NonParallelWorker] INFO CalendarSteps- Clicked ok button!
2022-05-25 21:31:25,211 : [NonParallelWorker] INFO CalendarSteps- Pop Up of successfully updated absence displayed!
2022-05-25 21:31:25,490 : [NonParallelWorker] INFO CalendarSteps- Updated Absence Saved!
2022-05-25 21:31:38,077 : [NonParallelWorker] INFO CalendarSteps- Successfully logged in!
2022-05-25 21:31:42,506 : [NonParallelWorker] INFO CalendarSteps- Successfully accessed my personal calendar!
2022-05-25 21:31:44,376 : [NonParallelWorker] INFO CalendarSteps- Clicked on working hours!
2022-05-25 21:31:45,269 : [NonParallelWorker] INFO CalendarSteps- Increased working hours!
2022-05-25 21:31:45,477 : [NonParallelWorker] INFO CalendarSteps- Clicked ok button!
2022-05-25 21:31:46,343 : [NonParallelWorker] INFO CalendarSteps- Pop Up of successfully updated hours displayed!
2022-05-25 21:31:46,375 : [NonParallelWorker] INFO CalendarSteps- Updated working hours saved!
2022-05-25 21:31:58,644 : [NonParallelWorker] INFO CalendarSteps- Successfully logged in!
2022-05-25 21:32:03,469 : [NonParallelWorker] INFO CalendarSteps- Successfully accessed my personal calendar!
2022-05-25 21:32:04,507 : [NonParallelWorker] INFO CalendarSteps- Clicked on delete absence!
2022-05-25 21:32:04,754 : [NonParallelWorker] INFO CalendarSteps- Clicked yes button!
2022-05-25 21:32:05,517 : [NonParallelWorker] INFO CalendarSteps- Pop Up of successfully deleted absence displayed!
2022-05-25 21:32:15,590 : [NonParallelWorker] INFO CalendarSteps- Absence deleted!
2022-05-25 21:32:32,349 : [NonParallelWorker] INFO CalendarSteps- Successfully logged in!
2022-05-25 21:32:36,817 : [NonParallelWorker] INFO CalendarSteps- Successfully accessed my personal calendar!
2022-05-25 21:32:38,083 : [NonParallelWorker] INFO CalendarSteps- Clicked delete working hours!
2022-05-25 21:32:38,335 : [NonParallelWorker] INFO CalendarSteps- Clicked yes button!
2022-05-25 21:32:39,149 : [NonParallelWorker] INFO CalendarSteps- Pop Up of successfully deleted hours displayed!
2022-05-25 21:32:49,167 : [NonParallelWorker] INFO CalendarSteps- Working hours deleted!
2022-05-25 21:33:01,739 : [NonParallelWorker] INFO CalendarSteps- Successfully logged in!
2022-05-25 21:33:06,315 : [NonParallelWorker] INFO CalendarSteps- Successfully accessed my personal calendar!
2022-05-25 21:33:07,527 : [NonParallelWorker] INFO CalendarSteps- Clicked on month and year!
2022-05-25 21:33:08,032 : [NonParallelWorker] INFO CalendarSteps- Clicked on february!
2022-05-25 21:33:18,122 : [NonParallelWorker] INFO CalendarSteps- Calendar for february month displayed!
2022-05-25 21:33:31,214 : [NonParallelWorker] INFO CalendarSteps- Successfully logged in!
2022-05-25 21:33:35,713 : [NonParallelWorker] INFO CalendarSteps- Successfully accessed my personal calendar!
2022-05-25 21:33:36,819 : [NonParallelWorker] INFO CalendarSteps- Clicked on select until current date!
2022-05-25 21:33:36,891 : [NonParallelWorker] INFO CalendarSteps- All days until current selected!
2022-05-25 21:33:48,975 : [NonParallelWorker] INFO CalendarSteps- Successfully logged in!
2022-05-25 21:33:53,471 : [NonParallelWorker] INFO CalendarSteps- Successfully accessed my personal calendar!
2022-05-25 21:33:54,590 : [NonParallelWorker] INFO CalendarSteps- Clicked on select all!
2022-05-25 21:33:54,638 : [NonParallelWorker] INFO CalendarSteps- All days selected!
